# JRE version: OpenJDK Runtime Environment Temurin-17.0.1+12 (17.0.1+12) (build 17.0.1+12)
# Java VM: OpenJDK 64-Bit Server VM Temurin-17.0.1+12 (17.0.1+12, mixed mode, tiered, compressed oops, compressed class ptrs, parallel gc, windows-amd64)
GC Precious Log:
 CPUs: 8 total, 8 available
 Memory: 16178M
 Large Page Support: Disabled
 NUMA Support: Disabled
 Compressed Oops: Enabled (32-bit)
 Alignments: Space 512K, Generation 512K, Heap 2M
 Heap Min Capacity: 100M
 Heap Initial Capacity: 100M
 Heap Max Capacity: 1G
 Pre-touch: Disabled
 Parallel Workers: 8
Heap:
 PSYoungGen      total 2048K, used 1630K [0x00000000eab00000, 0x00000000eae80000, 0x0000000100000000)
  eden space 1024K, 99% used [0x00000000eab00000,0x00000000eabffb38,0x00000000eac00000)
  from space 1024K, 59% used [0x00000000ead80000,0x00000000eae18020,0x00000000eae80000)
  to   space 1024K, 0% used [0x00000000eac00000,0x00000000eac00000,0x00000000ead00000)
 ParOldGen       total 110592K, used 95972K [0x00000000c0000000, 0x00000000c6c00000, 0x00000000eab00000)
  object space 110592K, 86% used [0x00000000c0000000,0x00000000c5db91a8,0x00000000c6c00000)
 Metaspace       used 70603K, committed 71680K, reserved 1114112K
  class space    used 7539K, committed 8000K, reserved 1048576K
GC Heap History (20 events):
Event: 183.980 GC heap before
{Heap before GC invocations=192 (full 10):
 PSYoungGen      total 1536K, used 1520K [0x00000000eab00000, 0x00000000eae80000, 0x0000000100000000)
  eden space 512K, 100% used [0x00000000eab00000,0x00000000eab80000,0x00000000eab80000)
  from space 1024K, 98% used [0x00000000eac80000,0x00000000ead7c1d0,0x00000000ead80000)
  to   space 1024K, 0% used [0x00000000eab80000,0x00000000eab80000,0x00000000eac80000)
 ParOldGen       total 123392K, used 123036K [0x00000000c0000000, 0x00000000c7880000, 0x00000000eab00000)
  object space 123392K, 99% used [0x00000000c0000000,0x00000000c78271e8,0x00000000c7880000)
 Metaspace       used 70569K, committed 71616K, reserved 1114112K
  class space    used 7539K, committed 8000K, reserved 1048576K
}
Event: 183.981 GC heap after
{Heap after GC invocations=192 (full 10):
 PSYoungGen      total 1536K, used 592K [0x00000000eab00000, 0x00000000ead80000, 0x0000000100000000)
  eden space 512K, 0% used [0x00000000eab00000,0x00000000eab00000,0x00000000eab80000)
  from space 1024K, 57% used [0x00000000eab80000,0x00000000eac14010,0x00000000eac80000)
  to   space 1024K, 0% used [0x00000000eac80000,0x00000000eac80000,0x00000000ead80000)
 ParOldGen       total 123392K, used 123358K [0x00000000c0000000, 0x00000000c7880000, 0x00000000eab00000)
  object space 123392K, 99% used [0x00000000c0000000,0x00000000c7877b08,0x00000000c7880000)
 Metaspace       used 70569K, committed 71616K, reserved 1114112K
  class space    used 7539K, committed 8000K, reserved 1048576K
}
Event: 183.982 GC heap before
{Heap before GC invocations=193 (full 11):
 PSYoungGen      total 1536K, used 592K [0x00000000eab00000, 0x00000000ead80000, 0x0000000100000000)
  eden space 512K, 0% used [0x00000000eab00000,0x00000000eab00000,0x00000000eab80000)
  from space 1024K, 57% used [0x00000000eab80000,0x00000000eac14010,0x00000000eac80000)
  to   space 1024K, 0% used [0x00000000eac80000,0x00000000eac80000,0x00000000ead80000)
 ParOldGen       total 123392K, used 123358K [0x00000000c0000000, 0x00000000c7880000, 0x00000000eab00000)
  object space 123392K, 99% used [0x00000000c0000000,0x00000000c7877b08,0x00000000c7880000)
 Metaspace       used 70569K, committed 71616K, reserved 1114112K
  class space    used 7539K, committed 8000K, reserved 1048576K
}
Event: 184.104 GC heap after
{Heap after GC invocations=193 (full 11):
 PSYoungGen      total 1536K, used 0K [0x00000000eab00000, 0x00000000ead80000, 0x0000000100000000)
  eden space 512K, 0% used [0x00000000eab00000,0x00000000eab00000,0x00000000eab80000)
  from space 1024K, 0% used [0x00000000eac80000,0x00000000eac80000,0x00000000ead80000)
  to   space 1024K, 0% used [0x00000000eab80000,0x00000000eab80000,0x00000000eac80000)
 ParOldGen       total 110592K, used 84590K [0x00000000c0000000, 0x00000000c6c00000, 0x00000000eab00000)
  object space 110592K, 76% used [0x00000000c0000000,0x00000000c529ba98,0x00000000c6c00000)
 Metaspace       used 70569K, committed 71616K, reserved 1114112K
  class space    used 7539K, committed 8000K, reserved 1048576K
}
Event: 184.113 GC heap before
{Heap before GC invocations=194 (full 11):
 PSYoungGen      total 1536K, used 508K [0x00000000eab00000, 0x00000000ead80000, 0x0000000100000000)
  eden space 512K, 99% used [0x00000000eab00000,0x00000000eab7f3c0,0x00000000eab80000)
  from space 1024K, 0% used [0x00000000eac80000,0x00000000eac80000,0x00000000ead80000)
  to   space 1024K, 0% used [0x00000000eab80000,0x00000000eab80000,0x00000000eac80000)
 ParOldGen       total 110592K, used 84590K [0x00000000c0000000, 0x00000000c6c00000, 0x00000000eab00000)
  object space 110592K, 76% used [0x00000000c0000000,0x00000000c529ba98,0x00000000c6c00000)
 Metaspace       used 70570K, committed 71616K, reserved 1114112K
  class space    used 7539K, committed 8000K, reserved 1048576K
}
Event: 184.113 GC heap after
{Heap after GC invocations=194 (full 11):
 PSYoungGen      total 1536K, used 256K [0x00000000eab00000, 0x00000000ead00000, 0x0000000100000000)
  eden space 512K, 0% used [0x00000000eab00000,0x00000000eab00000,0x00000000eab80000)
  from space 1024K, 25% used [0x00000000eab80000,0x00000000eabc0000,0x00000000eac80000)
  to   space 512K, 0% used [0x00000000eac80000,0x00000000eac80000,0x00000000ead00000)
 ParOldGen       total 110592K, used 84590K [0x00000000c0000000, 0x00000000c6c00000, 0x00000000eab00000)
  object space 110592K, 76% used [0x00000000c0000000,0x00000000c529ba98,0x00000000c6c00000)
 Metaspace       used 70570K, committed 71616K, reserved 1114112K
  class space    used 7539K, committed 8000K, reserved 1048576K
}
Event: 184.121 GC heap before
{Heap before GC invocations=195 (full 11):
 PSYoungGen      total 1536K, used 750K [0x00000000eab00000, 0x00000000ead00000, 0x0000000100000000)
  eden space 512K, 96% used [0x00000000eab00000,0x00000000eab7b910,0x00000000eab80000)
  from space 1024K, 25% used [0x00000000eab80000,0x00000000eabc0000,0x00000000eac80000)
  to   space 512K, 0% used [0x00000000eac80000,0x00000000eac80000,0x00000000ead00000)
 ParOldGen       total 110592K, used 88330K [0x00000000c0000000, 0x00000000c6c00000, 0x00000000eab00000)
  object space 110592K, 79% used [0x00000000c0000000,0x00000000c56429e8,0x00000000c6c00000)
 Metaspace       used 70570K, committed 71616K, reserved 1114112K
  class space    used 7539K, committed 8000K, reserved 1048576K
}
Event: 184.121 GC heap after
{Heap after GC invocations=195 (full 11):
 PSYoungGen      total 1024K, used 489K [0x00000000eab00000, 0x00000000ead80000, 0x0000000100000000)
  eden space 512K, 0% used [0x00000000eab00000,0x00000000eab00000,0x00000000eab80000)
  from space 512K, 95% used [0x00000000eac80000,0x00000000eacfa5f8,0x00000000ead00000)
  to   space 1024K, 0% used [0x00000000eab80000,0x00000000eab80000,0x00000000eac80000)
 ParOldGen       total 110592K, used 88386K [0x00000000c0000000, 0x00000000c6c00000, 0x00000000eab00000)
  object space 110592K, 79% used [0x00000000c0000000,0x00000000c5650a08,0x00000000c6c00000)
 Metaspace       used 70570K, committed 71616K, reserved 1114112K
  class space    used 7539K, committed 8000K, reserved 1048576K
}
Event: 184.126 GC heap before
{Heap before GC invocations=196 (full 11):
 PSYoungGen      total 1024K, used 1001K [0x00000000eab00000, 0x00000000ead80000, 0x0000000100000000)
  eden space 512K, 100% used [0x00000000eab00000,0x00000000eab80000,0x00000000eab80000)
  from space 512K, 95% used [0x00000000eac80000,0x00000000eacfa5f8,0x00000000ead00000)
  to   space 1024K, 0% used [0x00000000eab80000,0x00000000eab80000,0x00000000eac80000)
 ParOldGen       total 110592K, used 88386K [0x00000000c0000000, 0x00000000c6c00000, 0x00000000eab00000)
  object space 110592K, 79% used [0x00000000c0000000,0x00000000c5650a08,0x00000000c6c00000)
 Metaspace       used 70576K, committed 71616K, reserved 1114112K
  class space    used 7539K, committed 8000K, reserved 1048576K
}
Event: 184.127 GC heap after
{Heap after GC invocations=196 (full 11):
 PSYoungGen      total 1536K, used 464K [0x00000000eab00000, 0x00000000ead00000, 0x0000000100000000)
  eden space 512K, 0% used [0x00000000eab00000,0x00000000eab00000,0x00000000eab80000)
  from space 1024K, 45% used [0x00000000eab80000,0x00000000eabf4010,0x00000000eac80000)
  to   space 512K, 0% used [0x00000000eac80000,0x00000000eac80000,0x00000000ead00000)
 ParOldGen       total 110592K, used 88386K [0x00000000c0000000, 0x00000000c6c00000, 0x00000000eab00000)
  object space 110592K, 79% used [0x00000000c0000000,0x00000000c5650a08,0x00000000c6c00000)
 Metaspace       used 70576K, committed 71616K, reserved 1114112K
  class space    used 7539K, committed 8000K, reserved 1048576K
}
Event: 184.130 GC heap before
{Heap before GC invocations=197 (full 11):
 PSYoungGen      total 1536K, used 976K [0x00000000eab00000, 0x00000000ead00000, 0x0000000100000000)
  eden space 512K, 100% used [0x00000000eab00000,0x00000000eab80000,0x00000000eab80000)
  from space 1024K, 45% used [0x00000000eab80000,0x00000000eabf4010,0x00000000eac80000)
  to   space 512K, 0% used [0x00000000eac80000,0x00000000eac80000,0x00000000ead00000)
 ParOldGen       total 110592K, used 88386K [0x00000000c0000000, 0x00000000c6c00000, 0x00000000eab00000)
  object space 110592K, 79% used [0x00000000c0000000,0x00000000c5650a08,0x00000000c6c00000)
 Metaspace       used 70580K, committed 71616K, reserved 1114112K
  class space    used 7539K, committed 8000K, reserved 1048576K
}
Event: 184.131 GC heap after
{Heap after GC invocations=197 (full 11):
 PSYoungGen      total 1536K, used 416K [0x00000000eab00000, 0x00000000ead00000, 0x0000000100000000)
  eden space 1024K, 0% used [0x00000000eab00000,0x00000000eab00000,0x00000000eac00000)
  from space 512K, 81% used [0x00000000eac80000,0x00000000eace8000,0x00000000ead00000)
  to   space 512K, 0% used [0x00000000eac00000,0x00000000eac00000,0x00000000eac80000)
 ParOldGen       total 110592K, used 88386K [0x00000000c0000000, 0x00000000c6c00000, 0x00000000eab00000)
  object space 110592K, 79% used [0x00000000c0000000,0x00000000c5650a08,0x00000000c6c00000)
 Metaspace       used 70580K, committed 71616K, reserved 1114112K
  class space    used 7539K, committed 8000K, reserved 1048576K
}
Event: 184.146 GC heap before
{Heap before GC invocations=198 (full 11):
 PSYoungGen      total 1536K, used 1440K [0x00000000eab00000, 0x00000000ead00000, 0x0000000100000000)
  eden space 1024K, 100% used [0x00000000eab00000,0x00000000eac00000,0x00000000eac00000)
  from space 512K, 81% used [0x00000000eac80000,0x00000000eace8000,0x00000000ead00000)
  to   space 512K, 0% used [0x00000000eac00000,0x00000000eac00000,0x00000000eac80000)
 ParOldGen       total 110592K, used 90256K [0x00000000c0000000, 0x00000000c6c00000, 0x00000000eab00000)
  object space 110592K, 81% used [0x00000000c0000000,0x00000000c58241b0,0x00000000c6c00000)
 Metaspace       used 70580K, committed 71616K, reserved 1114112K
  class space    used 7539K, committed 8000K, reserved 1048576K
}
Event: 184.147 GC heap after
{Heap after GC invocations=198 (full 11):
 PSYoungGen      total 1536K, used 496K [0x00000000eab00000, 0x00000000eae00000, 0x0000000100000000)
  eden space 1024K, 0% used [0x00000000eab00000,0x00000000eab00000,0x00000000eac00000)
  from space 512K, 96% used [0x00000000eac00000,0x00000000eac7c010,0x00000000eac80000)
  to   space 1024K, 0% used [0x00000000ead00000,0x00000000ead00000,0x00000000eae00000)
 ParOldGen       total 110592K, used 90288K [0x00000000c0000000, 0x00000000c6c00000, 0x00000000eab00000)
  object space 110592K, 81% used [0x00000000c0000000,0x00000000c582c1b0,0x00000000c6c00000)
 Metaspace       used 70580K, committed 71616K, reserved 1114112K
  class space    used 7539K, committed 8000K, reserved 1048576K
}
Event: 184.171 GC heap before
{Heap before GC invocations=199 (full 11):
 PSYoungGen      total 1536K, used 1520K [0x00000000eab00000, 0x00000000eae00000, 0x0000000100000000)
  eden space 1024K, 100% used [0x00000000eab00000,0x00000000eac00000,0x00000000eac00000)
  from space 512K, 96% used [0x00000000eac00000,0x00000000eac7c010,0x00000000eac80000)
  to   space 1024K, 0% used [0x00000000ead00000,0x00000000ead00000,0x00000000eae00000)
 ParOldGen       total 110592K, used 92158K [0x00000000c0000000, 0x00000000c6c00000, 0x00000000eab00000)
  object space 110592K, 83% used [0x00000000c0000000,0x00000000c59ff958,0x00000000c6c00000)
 Metaspace       used 70583K, committed 71616K, reserved 1114112K
  class space    used 7539K, committed 8000K, reserved 1048576K
}
Event: 184.172 GC heap after
{Heap after GC invocations=199 (full 11):
 PSYoungGen      total 2048K, used 560K [0x00000000eab00000, 0x00000000eae00000, 0x0000000100000000)
  eden space 1024K, 0% used [0x00000000eab00000,0x00000000eab00000,0x00000000eac00000)
  from space 1024K, 54% used [0x00000000ead00000,0x00000000ead8c010,0x00000000eae00000)
  to   space 1024K, 0% used [0x00000000eac00000,0x00000000eac00000,0x00000000ead00000)
 ParOldGen       total 110592K, used 92158K [0x00000000c0000000, 0x00000000c6c00000, 0x00000000eab00000)
  object space 110592K, 83% used [0x00000000c0000000,0x00000000c59ff958,0x00000000c6c00000)
 Metaspace       used 70583K, committed 71616K, reserved 1114112K
  class space    used 7539K, committed 8000K, reserved 1048576K
}
Event: 184.193 GC heap before
{Heap before GC invocations=200 (full 11):
 PSYoungGen      total 2048K, used 1584K [0x00000000eab00000, 0x00000000eae00000, 0x0000000100000000)
  eden space 1024K, 100% used [0x00000000eab00000,0x00000000eac00000,0x00000000eac00000)
  from space 1024K, 54% used [0x00000000ead00000,0x00000000ead8c010,0x00000000eae00000)
  to   space 1024K, 0% used [0x00000000eac00000,0x00000000eac00000,0x00000000ead00000)
 ParOldGen       total 110592K, used 94028K [0x00000000c0000000, 0x00000000c6c00000, 0x00000000eab00000)
  object space 110592K, 85% used [0x00000000c0000000,0x00000000c5bd3100,0x00000000c6c00000)
 Metaspace       used 70595K, committed 71616K, reserved 1114112K
  class space    used 7539K, committed 8000K, reserved 1048576K
}
Event: 184.194 GC heap after
{Heap after GC invocations=200 (full 11):
 PSYoungGen      total 2048K, used 992K [0x00000000eab00000, 0x00000000eaf00000, 0x0000000100000000)
  eden space 1024K, 0% used [0x00000000eab00000,0x00000000eab00000,0x00000000eac00000)
  from space 1024K, 96% used [0x00000000eac00000,0x00000000eacf81c0,0x00000000ead00000)
  to   space 1536K, 0% used [0x00000000ead80000,0x00000000ead80000,0x00000000eaf00000)
 ParOldGen       total 110592K, used 94028K [0x00000000c0000000, 0x00000000c6c00000, 0x00000000eab00000)
  object space 110592K, 85% used [0x00000000c0000000,0x00000000c5bd3100,0x00000000c6c00000)
 Metaspace       used 70595K, committed 71616K, reserved 1114112K
  class space    used 7539K, committed 8000K, reserved 1048576K
}
Event: 184.525 GC heap before
{Heap before GC invocations=201 (full 11):
 PSYoungGen      total 2048K, used 1961K [0x00000000eab00000, 0x00000000eaf00000, 0x0000000100000000)
  eden space 1024K, 94% used [0x00000000eab00000,0x00000000eabf2628,0x00000000eac00000)
  from space 1024K, 96% used [0x00000000eac00000,0x00000000eacf81c0,0x00000000ead00000)
  to   space 1536K, 0% used [0x00000000ead80000,0x00000000ead80000,0x00000000eaf00000)
 ParOldGen       total 110592K, used 95898K [0x00000000c0000000, 0x00000000c6c00000, 0x00000000eab00000)
  object space 110592K, 86% used [0x00000000c0000000,0x00000000c5da68a8,0x00000000c6c00000)
 Metaspace       used 70602K, committed 71680K, reserved 1114112K
  class space    used 7539K, committed 8000K, reserved 1048576K
}
Event: 184.526 GC heap after
{Heap after GC invocations=201 (full 11):
 PSYoungGen      total 2048K, used 608K [0x00000000eab00000, 0x00000000eae80000, 0x0000000100000000)
  eden space 1024K, 0% used [0x00000000eab00000,0x00000000eab00000,0x00000000eac00000)
  from space 1024K, 59% used [0x00000000ead80000,0x00000000eae18020,0x00000000eae80000)
  to   space 1024K, 0% used [0x00000000eac00000,0x00000000eac00000,0x00000000ead00000)
 ParOldGen       total 110592K, used 95972K [0x00000000c0000000, 0x00000000c6c00000, 0x00000000eab00000)
  object space 110592K, 86% used [0x00000000c0000000,0x00000000c5db91a8,0x00000000c6c00000)
 Metaspace       used 70602K, committed 71680K, reserved 1114112K
  class space    used 7539K, committed 8000K, reserved 1048576K
}

